2025-12-09T22:33:28.000000000Z [inf]  Starting Container
2025-12-09T22:33:29.613182641Z [inf]  Running in Production Mode
2025-12-09T22:33:30.670180755Z [inf]               Searching for package file structure from directories with 
2025-12-09T22:33:30.670192323Z [inf]               __init__.py files
2025-12-09T22:33:30.670229500Z [inf]  
2025-12-09T22:33:30.670244184Z [inf]     FastAPI   Starting production server 🚀
2025-12-09T22:33:30.670255467Z [inf]   
2025-12-09T22:33:34.705272989Z [inf]         app   Using import string: app.main:app
2025-12-09T22:33:34.705287450Z [inf]   
2025-12-09T22:33:34.705296000Z [inf]      server   Server started at http://0.0.0.0:8080
2025-12-09T22:33:34.705303246Z [inf]      server   Documentation at http://0.0.0.0:8080/docs
2025-12-09T22:33:34.705310732Z [inf]   
2025-12-09T22:33:34.705317876Z [inf]               Logs:
2025-12-09T22:33:34.705326647Z [inf]   
2025-12-09T22:33:34.705336687Z [err]        INFO   Started server process [1]
2025-12-09T22:33:34.705344460Z [err]        INFO   Waiting for application startup.
2025-12-09T22:33:34.705474156Z [inf]               Importing from /app
2025-12-09T22:33:34.705481055Z [inf]   
2025-12-09T22:33:34.705489492Z [inf]      module   📁 app
2025-12-09T22:33:34.705496319Z [inf]               ├── 🐍 __init__.py
2025-12-09T22:33:34.705503397Z [inf]               └── 🐍 main.py
2025-12-09T22:33:34.705511351Z [inf]   
2025-12-09T22:33:34.705521396Z [inf]        code   Importing the FastAPI app object from the module with the following
2025-12-09T22:33:34.705528399Z [inf]               code:
2025-12-09T22:33:34.705537050Z [inf]   
2025-12-09T22:33:34.705543170Z [inf]               from app.main import app
2025-12-09T22:33:34.705549272Z [inf]   
2025-12-09T22:33:37.160102922Z [err]        INFO   Application startup complete.
2025-12-09T22:33:37.160112470Z [err]        INFO   Uvicorn running on http://0.0.0.0:8080 (Press CTRL+C to quit)
2025-12-09T22:34:07.181727629Z [inf]        INFO   100.64.0.2:39486 - "OPTIONS /api/v1/logs HTTP/1.1" 200
2025-12-09T22:34:07.181734374Z [inf]        INFO   100.64.0.2:39486 - "GET /api/v1/logs HTTP/1.1" 200
2025-12-09T22:34:26.887942091Z [inf]        INFO   100.64.0.2:28216 - "OPTIONS /api/v1/analysis/upload HTTP/1.1" 200
2025-12-09T22:34:26.887952987Z [inf]        INFO   100.64.0.2:28216 - "POST /api/v1/analysis/upload HTTP/1.1" 200
2025-12-09T22:34:26.887958553Z [inf]        INFO   100.64.0.2:28216 - "OPTIONS /api/v1/analysis/stream HTTP/1.1" 200
2025-12-09T22:34:26.887964242Z [inf]        INFO   100.64.0.2:28216 - "POST /api/v1/analysis/stream HTTP/1.1" 200
2025-12-09T22:34:36.885189260Z [inf]        INFO   100.64.0.2:28216 - "GET /api/v1/logs HTTP/1.1" 200
2025-12-09T22:36:38.252808042Z [inf]        INFO   100.64.0.3:25820 - "GET /api/v1/logs HTTP/1.1" 200
2025-12-09T22:36:38.253013444Z [inf]        INFO   100.64.0.3:25820 - "OPTIONS /api/v1/logs HTTP/1.1" 200
2025-12-09T22:36:45.405410790Z [inf]        INFO   100.64.0.3:16172 - "OPTIONS /api/v1/analysis/upload HTTP/1.1" 200
2025-12-09T22:36:47.297058298Z [inf]        INFO   100.64.0.3:16172 - "POST /api/v1/analysis/upload HTTP/1.1" 500
2025-12-09T22:36:47.304842021Z [err]  The above exception was the direct cause of the following exception:
2025-12-09T22:36:47.304859852Z [err]       ERROR   Exception in ASGI application
2025-12-09T22:36:47.304866706Z [err]  Traceback (most recent call last):
2025-12-09T22:36:47.304872920Z [err]    File "/app/.venv/lib/python3.12/site-packages/sqlalchemy/dialects/postgresql/asyncpg.py", line 550, in _prepare_and_execute
2025-12-09T22:36:47.304879798Z [err]      self._rows = deque(await prepared_stmt.fetch(*parameters))
2025-12-09T22:36:47.304885278Z [err]                         ^^^^^^^^^^^^^^^^^^^^^^^^^^^^^^^^^^^^^^
2025-12-09T22:36:47.304891102Z [err]    File "/app/.venv/lib/python3.12/site-packages/asyncpg/prepared_stmt.py", line 176, in fetch
2025-12-09T22:36:47.304896957Z [err]      data = await self.__bind_execute(args, 0, timeout)
2025-12-09T22:36:47.304903014Z [err]             ^^^^^^^^^^^^^^^^^^^^^^^^^^^^^^^^^^^^^^^^^^^
2025-12-09T22:36:47.304910968Z [err]    File "/app/.venv/lib/python3.12/site-packages/asyncpg/prepared_stmt.py", line 241, in __bind_execute
2025-12-09T22:36:47.304917635Z [err]      data, status, _ = await self.__do_execute(
2025-12-09T22:36:47.304923439Z [err]                        ^^^^^^^^^^^^^^^^^^^^^^^^
2025-12-09T22:36:47.304929246Z [err]    File "/app/.venv/lib/python3.12/site-packages/asyncpg/prepared_stmt.py", line 230, in __do_execute
2025-12-09T22:36:47.304933407Z [err]      return await executor(protocol)
2025-12-09T22:36:47.304937388Z [err]             ^^^^^^^^^^^^^^^^^^^^^^^^
2025-12-09T22:36:47.304941238Z [err]    File "asyncpg/protocol/protocol.pyx", line 207, in bind_execute
2025-12-09T22:36:47.304945363Z [err]  asyncpg.exceptions.ForeignKeyViolationError: insert or update on table "dietary_logs" violates foreign key constraint "dietary_logs_user_id_fkey"
2025-12-09T22:36:47.304949441Z [err]  DETAIL:  Key (user_id)=(f9857ba8-fa0f-4497-8957-0f0c3330f161) is not present in table "users".
2025-12-09T22:36:47.304954435Z [err]  
2025-12-09T22:36:47.306537440Z [err]  
2025-12-09T22:36:47.306541672Z [err]    File "/app/.venv/lib/python3.12/site-packages/sqlalchemy/dialects/postgresql/asyncpg.py", line 513, in _handle_exception
2025-12-09T22:36:47.306545773Z [err]  Traceback (most recent call last):
2025-12-09T22:36:47.306550686Z [err]    File "/app/.venv/lib/python3.12/site-packages/sqlalchemy/engine/base.py", line 1967, in _exec_single_context
2025-12-09T22:36:47.306554955Z [err]      self.dialect.do_execute(
2025-12-09T22:36:47.306558959Z [err]      self._adapt_connection._handle_exception(error)
2025-12-09T22:36:47.306560480Z [err]    File "/app/.venv/lib/python3.12/site-packages/sqlalchemy/engine/default.py", line 951, in do_execute
2025-12-09T22:36:47.306565300Z [err]      cursor.execute(statement, parameters)
2025-12-09T22:36:47.306568825Z [err]    File "/app/.venv/lib/python3.12/site-packages/sqlalchemy/dialects/postgresql/asyncpg.py", line 797, in _handle_exception
2025-12-09T22:36:47.306570903Z [err]    File "/app/.venv/lib/python3.12/site-packages/sqlalchemy/dialects/postgresql/asyncpg.py", line 585, in execute
2025-12-09T22:36:47.306574858Z [err]      self._adapt_connection.await_(
2025-12-09T22:36:47.306579007Z [err]    File "/app/.venv/lib/python3.12/site-packages/sqlalchemy/util/_concurrency_py3k.py", line 132, in await_only
2025-12-09T22:36:47.306585361Z [err]      return current.parent.switch(awaitable)  # type: ignore[no-any-return,attr-defined] # noqa: E501
2025-12-09T22:36:47.306589375Z [err]             ^^^^^^^^^^^^^^^^^^^^^^^^^^^^^^^^
2025-12-09T22:36:47.306594613Z [err]    File "/app/.venv/lib/python3.12/site-packages/sqlalchemy/util/_concurrency_py3k.py", line 196, in greenlet_spawn
2025-12-09T22:36:47.306598476Z [err]      value = await result
2025-12-09T22:36:47.306602476Z [err]              ^^^^^^^^^^^^
2025-12-09T22:36:47.306608047Z [err]    File "/app/.venv/lib/python3.12/site-packages/sqlalchemy/dialects/postgresql/asyncpg.py", line 563, in _prepare_and_execute
2025-12-09T22:36:47.306612037Z [err]      self._handle_exception(error)
2025-12-09T22:36:47.308539015Z [err]      raise translated_error from error
2025-12-09T22:36:47.308540415Z [err]    File "/app/.venv/lib/python3.12/site-packages/starlette/middleware/errors.py", line 187, in __call__
2025-12-09T22:36:47.308548668Z [err]  sqlalchemy.dialects.postgresql.asyncpg.AsyncAdapt_asyncpg_dbapi.IntegrityError: <class 'asyncpg.exceptions.ForeignKeyViolationError'>: insert or update on table "dietary_logs" violates foreign key constraint "dietary_logs_user_id_fkey"
2025-12-09T22:36:47.308554793Z [err]  DETAIL:  Key (user_id)=(f9857ba8-fa0f-4497-8957-0f0c3330f161) is not present in table "users".
2025-12-09T22:36:47.308560814Z [err]  
2025-12-09T22:36:47.308566773Z [err]  The above exception was the direct cause of the following exception:
2025-12-09T22:36:47.308572921Z [err]  
2025-12-09T22:36:47.308580620Z [err]  Traceback (most recent call last):
2025-12-09T22:36:47.308586603Z [err]    File "/app/.venv/lib/python3.12/site-packages/uvicorn/protocols/http/httptools_impl.py", line 409, in run_asgi
2025-12-09T22:36:47.308592265Z [err]      result = await app(  # type: ignore[func-returns-value]
2025-12-09T22:36:47.308598387Z [err]               ^^^^^^^^^^^^^^^^^^^^^^^^^^^^^^^^^^^^^^^^^^^^^^
2025-12-09T22:36:47.308604330Z [err]    File "/app/.venv/lib/python3.12/site-packages/uvicorn/middleware/proxy_headers.py", line 60, in __call__
2025-12-09T22:36:47.308610733Z [err]      return await self.app(scope, receive, send)
2025-12-09T22:36:47.308616930Z [err]             ^^^^^^^^^^^^^^^^^^^^^^^^^^^^^^^^^^^^
2025-12-09T22:36:47.308622783Z [err]    File "/app/.venv/lib/python3.12/site-packages/fastapi/applications.py", line 1054, in __call__
2025-12-09T22:36:47.308628309Z [err]      await super().__call__(scope, receive, send)
2025-12-09T22:36:47.308633685Z [err]    File "/app/.venv/lib/python3.12/site-packages/starlette/applications.py", line 113, in __call__
2025-12-09T22:36:47.308639877Z [err]      await self.middleware_stack(scope, receive, send)
2025-12-09T22:36:47.310356471Z [err]      raise exc
2025-12-09T22:36:47.310365345Z [err]    File "/app/.venv/lib/python3.12/site-packages/starlette/middleware/errors.py", line 165, in __call__
2025-12-09T22:36:47.310371094Z [err]      await self.app(scope, receive, _send)
2025-12-09T22:36:47.310376364Z [err]    File "/app/.venv/lib/python3.12/site-packages/starlette/middleware/cors.py", line 93, in __call__
2025-12-09T22:36:47.310381641Z [err]      await self.simple_response(scope, receive, send, request_headers=headers)
2025-12-09T22:36:47.310387369Z [err]    File "/app/.venv/lib/python3.12/site-packages/starlette/middleware/cors.py", line 144, in simple_response
2025-12-09T22:36:47.310394225Z [err]      await self.app(scope, receive, send)
2025-12-09T22:36:47.310398554Z [err]    File "/app/.venv/lib/python3.12/site-packages/starlette/middleware/exceptions.py", line 62, in __call__
2025-12-09T22:36:47.310403259Z [err]      await wrap_app_handling_exceptions(self.app, conn)(scope, receive, send)
2025-12-09T22:36:47.310407250Z [err]    File "/app/.venv/lib/python3.12/site-packages/starlette/_exception_handler.py", line 53, in wrapped_app
2025-12-09T22:36:47.310410966Z [err]      raise exc
2025-12-09T22:36:47.310415385Z [err]    File "/app/.venv/lib/python3.12/site-packages/starlette/_exception_handler.py", line 42, in wrapped_app
2025-12-09T22:36:47.310421010Z [err]      await app(scope, receive, sender)
2025-12-09T22:36:47.310426103Z [err]    File "/app/.venv/lib/python3.12/site-packages/starlette/routing.py", line 715, in __call__
2025-12-09T22:36:47.310429952Z [err]      await self.middleware_stack(scope, receive, send)
2025-12-09T22:36:47.310434137Z [err]    File "/app/.venv/lib/python3.12/site-packages/starlette/routing.py", line 735, in app
2025-12-09T22:36:47.310438921Z [err]      await route.handle(scope, receive, send)
2025-12-09T22:36:47.310443516Z [err]    File "/app/.venv/lib/python3.12/site-packages/starlette/routing.py", line 288, in handle
2025-12-09T22:36:47.313403169Z [err]    File "/app/.venv/lib/python3.12/site-packages/sqlalchemy/ext/asyncio/session.py", line 1000, in commit
2025-12-09T22:36:47.313412060Z [err]      await greenlet_spawn(self.sync_session.commit)
2025-12-09T22:36:47.313422428Z [err]      await self.app(scope, receive, send)
2025-12-09T22:36:47.313433540Z [err]    File "/app/.venv/lib/python3.12/site-packages/starlette/routing.py", line 76, in app
2025-12-09T22:36:47.313440562Z [err]      await wrap_app_handling_exceptions(app, request)(scope, receive, send)
2025-12-09T22:36:47.313450044Z [err]    File "/app/.venv/lib/python3.12/site-packages/starlette/_exception_handler.py", line 53, in wrapped_app
2025-12-09T22:36:47.313456675Z [err]      raise exc
2025-12-09T22:36:47.313463405Z [err]    File "/app/.venv/lib/python3.12/site-packages/starlette/_exception_handler.py", line 42, in wrapped_app
2025-12-09T22:36:47.313469563Z [err]      await app(scope, receive, sender)
2025-12-09T22:36:47.313477103Z [err]    File "/app/.venv/lib/python3.12/site-packages/starlette/routing.py", line 73, in app
2025-12-09T22:36:47.313483356Z [err]      response = await f(request)
2025-12-09T22:36:47.313491179Z [err]                 ^^^^^^^^^^^^^^^^
2025-12-09T22:36:47.313498217Z [err]    File "/app/.venv/lib/python3.12/site-packages/fastapi/routing.py", line 301, in app
2025-12-09T22:36:47.313504514Z [err]      raw_response = await run_endpoint_function(
2025-12-09T22:36:47.313510648Z [err]                     ^^^^^^^^^^^^^^^^^^^^^^^^^^^^
2025-12-09T22:36:47.313516383Z [err]    File "/app/.venv/lib/python3.12/site-packages/fastapi/routing.py", line 212, in run_endpoint_function
2025-12-09T22:36:47.313522659Z [err]      return await dependant.call(**values)
2025-12-09T22:36:47.313535561Z [err]             ^^^^^^^^^^^^^^^^^^^^^^^^^^^^^^
2025-12-09T22:36:47.313546811Z [err]    File "/app/app/api/v1/endpoints/analysis.py", line 49, in upload_analysis_data
2025-12-09T22:36:47.313554411Z [err]      await db.commit()
2025-12-09T22:36:47.315522537Z [err]      self.session.flush()
2025-12-09T22:36:47.315529148Z [err]    File "/app/.venv/lib/python3.12/site-packages/sqlalchemy/util/_concurrency_py3k.py", line 203, in greenlet_spawn
2025-12-09T22:36:47.315534021Z [err]    File "/app/.venv/lib/python3.12/site-packages/sqlalchemy/orm/session.py", line 4331, in flush
2025-12-09T22:36:47.315541417Z [err]      result = context.switch(value)
2025-12-09T22:36:47.315543067Z [err]      self._flush(objects)
2025-12-09T22:36:47.315550720Z [err]               ^^^^^^^^^^^^^^^^^^^^^
2025-12-09T22:36:47.315550806Z [err]    File "/app/.venv/lib/python3.12/site-packages/sqlalchemy/orm/session.py", line 4466, in _flush
2025-12-09T22:36:47.315557946Z [err]    File "/app/.venv/lib/python3.12/site-packages/sqlalchemy/orm/session.py", line 2030, in commit
2025-12-09T22:36:47.315563842Z [err]      trans.commit(_to_root=True)
2025-12-09T22:36:47.315569804Z [err]    File "<string>", line 2, in commit
2025-12-09T22:36:47.315575696Z [err]    File "/app/.venv/lib/python3.12/site-packages/sqlalchemy/orm/state_changes.py", line 137, in _go
2025-12-09T22:36:47.315581958Z [err]      ret_value = fn(self, *arg, **kw)
2025-12-09T22:36:47.315588202Z [err]                  ^^^^^^^^^^^^^^^^^^^^
2025-12-09T22:36:47.315594447Z [err]    File "/app/.venv/lib/python3.12/site-packages/sqlalchemy/orm/session.py", line 1311, in commit
2025-12-09T22:36:47.315617310Z [err]      self._prepare_impl()
2025-12-09T22:36:47.315624486Z [err]    File "<string>", line 2, in _prepare_impl
2025-12-09T22:36:47.315630031Z [err]    File "/app/.venv/lib/python3.12/site-packages/sqlalchemy/orm/state_changes.py", line 137, in _go
2025-12-09T22:36:47.315635798Z [err]      ret_value = fn(self, *arg, **kw)
2025-12-09T22:36:47.315641168Z [err]                  ^^^^^^^^^^^^^^^^^^^^
2025-12-09T22:36:47.315647114Z [err]    File "/app/.venv/lib/python3.12/site-packages/sqlalchemy/orm/session.py", line 1286, in _prepare_impl
2025-12-09T22:36:47.317961183Z [err]      with util.safe_reraise():
2025-12-09T22:36:47.317968188Z [err]           ^^^^^^^^^^^^^^^^^^^
2025-12-09T22:36:47.317973755Z [err]    File "/app/.venv/lib/python3.12/site-packages/sqlalchemy/util/langhelpers.py", line 224, in __exit__
2025-12-09T22:36:47.317974748Z [err]               ^^^^^^^^^^^^^^^^^^^
2025-12-09T22:36:47.317978886Z [err]      raise exc_value.with_traceback(exc_tb)
2025-12-09T22:36:47.317983988Z [err]    File "/app/.venv/lib/python3.12/site-packages/sqlalchemy/orm/session.py", line 4427, in _flush
2025-12-09T22:36:47.317989695Z [err]    File "/app/.venv/lib/python3.12/site-packages/sqlalchemy/engine/base.py", line 1419, in execute
2025-12-09T22:36:47.317989755Z [err]      flush_context.execute()
2025-12-09T22:36:47.317995737Z [err]    File "/app/.venv/lib/python3.12/site-packages/sqlalchemy/orm/unitofwork.py", line 466, in execute
2025-12-09T22:36:47.317999244Z [err]      return meth(
2025-12-09T22:36:47.318002381Z [err]      rec.execute(self)
2025-12-09T22:36:47.318008648Z [err]    File "/app/.venv/lib/python3.12/site-packages/sqlalchemy/orm/unitofwork.py", line 642, in execute
2025-12-09T22:36:47.318009184Z [err]             ^^^^^
2025-12-09T22:36:47.318014064Z [err]      util.preloaded.orm_persistence.save_obj(
2025-12-09T22:36:47.318017096Z [err]    File "/app/.venv/lib/python3.12/site-packages/sqlalchemy/sql/elements.py", line 526, in _execute_on_connection
2025-12-09T22:36:47.318020199Z [err]    File "/app/.venv/lib/python3.12/site-packages/sqlalchemy/orm/persistence.py", line 93, in save_obj
2025-12-09T22:36:47.318024011Z [err]      return connection._execute_clauseelement(
2025-12-09T22:36:47.318026120Z [err]      _emit_insert_statements(
2025-12-09T22:36:47.318030662Z [err]    File "/app/.venv/lib/python3.12/site-packages/sqlalchemy/orm/persistence.py", line 1233, in _emit_insert_statements
2025-12-09T22:36:47.318035295Z [err]      result = connection.execute(
2025-12-09T22:36:47.320050197Z [err]             ^^^^^^^^^^^^^^^^^^^^^^^^^^^^^^^^^^
2025-12-09T22:36:47.320053118Z [err]      self._handle_dbapi_exception(
2025-12-09T22:36:47.320059887Z [err]    File "/app/.venv/lib/python3.12/site-packages/sqlalchemy/engine/base.py", line 1641, in _execute_clauseelement
2025-12-09T22:36:47.320065073Z [err]    File "/app/.venv/lib/python3.12/site-packages/sqlalchemy/engine/base.py", line 2355, in _handle_dbapi_exception
2025-12-09T22:36:47.320068164Z [err]      ret = self._execute_context(
2025-12-09T22:36:47.320074838Z [err]      raise sqlalchemy_exception.with_traceback(exc_info[2]) from e
2025-12-09T22:36:47.320081580Z [err]            ^^^^^^^^^^^^^^^^^^^^^^
2025-12-09T22:36:47.320083085Z [err]    File "/app/.venv/lib/python3.12/site-packages/sqlalchemy/engine/base.py", line 1967, in _exec_single_context
2025-12-09T22:36:47.320089672Z [err]    File "/app/.venv/lib/python3.12/site-packages/sqlalchemy/engine/base.py", line 1846, in _execute_context
2025-12-09T22:36:47.320091205Z [err]      self.dialect.do_execute(
2025-12-09T22:36:47.320097104Z [err]      return self._exec_single_context(
2025-12-09T22:36:47.320098764Z [err]    File "/app/.venv/lib/python3.12/site-packages/sqlalchemy/engine/default.py", line 951, in do_execute
2025-12-09T22:36:47.320104779Z [err]             ^^^^^^^^^^^^^^^^^^^^^^^^^^
2025-12-09T22:36:47.320106577Z [err]      cursor.execute(statement, parameters)
2025-12-09T22:36:47.320111979Z [err]    File "/app/.venv/lib/python3.12/site-packages/sqlalchemy/engine/base.py", line 1986, in _exec_single_context
2025-12-09T22:36:47.320115223Z [err]    File "/app/.venv/lib/python3.12/site-packages/sqlalchemy/dialects/postgresql/asyncpg.py", line 585, in execute
2025-12-09T22:36:47.320121948Z [err]      self._adapt_connection.await_(
2025-12-09T22:36:47.320128402Z [err]    File "/app/.venv/lib/python3.12/site-packages/sqlalchemy/util/_concurrency_py3k.py", line 132, in await_only
2025-12-09T22:36:47.322058520Z [err]      return current.parent.switch(awaitable)  # type: ignore[no-any-return,attr-defined] # noqa: E501
2025-12-09T22:36:47.322067077Z [err]             ^^^^^^^^^^^^^^^^^^^^^^^^^^^^^^^^
2025-12-09T22:36:47.322072423Z [err]    File "/app/.venv/lib/python3.12/site-packages/sqlalchemy/util/_concurrency_py3k.py", line 196, in greenlet_spawn
2025-12-09T22:36:47.322078315Z [err]      value = await result
2025-12-09T22:36:47.322082921Z [err]              ^^^^^^^^^^^^
2025-12-09T22:36:47.322087789Z [err]    File "/app/.venv/lib/python3.12/site-packages/sqlalchemy/dialects/postgresql/asyncpg.py", line 563, in _prepare_and_execute
2025-12-09T22:36:47.322092720Z [err]      self._handle_exception(error)
2025-12-09T22:36:47.322099866Z [err]    File "/app/.venv/lib/python3.12/site-packages/sqlalchemy/dialects/postgresql/asyncpg.py", line 513, in _handle_exception
2025-12-09T22:36:47.322104109Z [err]      self._adapt_connection._handle_exception(error)
2025-12-09T22:36:47.322108744Z [err]    File "/app/.venv/lib/python3.12/site-packages/sqlalchemy/dialects/postgresql/asyncpg.py", line 797, in _handle_exception
2025-12-09T22:36:47.322114351Z [err]      raise translated_error from error
2025-12-09T22:36:47.322118779Z [err]  sqlalchemy.exc.IntegrityError: (sqlalchemy.dialects.postgresql.asyncpg.IntegrityError) <class 'asyncpg.exceptions.ForeignKeyViolationError'>: insert or update on table "dietary_logs" violates foreign key constraint "dietary_logs_user_id_fkey"
2025-12-09T22:36:47.322123632Z [err]  DETAIL:  Key (user_id)=(f9857ba8-fa0f-4497-8957-0f0c3330f161) is not present in table "users".
2025-12-09T22:36:47.322131786Z [err]  [SQL: INSERT INTO dietary_logs (id, user_id, image_path, audio_path, transcript, description, calories, protein, carbs, fats, meal_type, status, needs_review, client_timestamp) VALUES ($1::UUID, $2::UUID, $3::VARCHAR, $4::VARCHAR, $5::VARCHAR, $6::VARCHAR, $7::INTEGER, $8::INTEGER, $9::INTEGER, $10::INTEGER, $11::VARCHAR, $12::log_status_enum, $13::BOOLEAN, $14::TIMESTAMP WITH TIME ZONE) RETURNING dietary_logs.created_at]
2025-12-09T22:36:47.323838803Z [err]  [parameters: (UUID('cda4f560-dd56-4693-8f79-0f1e38cc487d'), UUID('f9857ba8-fa0f-4497-8957-0f0c3330f161'), 'f9857ba8-fa0f-4497-8957-0f0c3330f161/2025-12-09T22-36-44-803Z_image.jpg', 'f9857ba8-fa0f-4497-8957-0f0c3330f161/2025-12-09T22-36-44-804Z_audio.webm', None, None, None, None, None, None, None, 'processing', False, datetime.datetime(2025, 12, 9, 22, 36, 45, 240000, tzinfo=datetime.timezone.utc))]
2025-12-09T22:36:47.323848664Z [err]  (Background on this error at: https://sqlalche.me/e/20/gkpj)
2025-12-09T22:37:07.380292440Z [inf]        INFO   100.64.0.3:30028 - "POST /api/v1/analysis/upload HTTP/1.1" 500
2025-12-09T22:37:07.380307651Z [err]       ERROR   Exception in ASGI application
2025-12-09T22:37:07.380313721Z [err]  Traceback (most recent call last):
2025-12-09T22:37:07.380321169Z [err]    File "/app/.venv/lib/python3.12/site-packages/sqlalchemy/dialects/postgresql/asyncpg.py", line 550, in _prepare_and_execute
2025-12-09T22:37:07.380327103Z [err]      self._rows = deque(await prepared_stmt.fetch(*parameters))
2025-12-09T22:37:07.380332975Z [err]                         ^^^^^^^^^^^^^^^^^^^^^^^^^^^^^^^^^^^^^^
2025-12-09T22:37:07.380338818Z [err]    File "/app/.venv/lib/python3.12/site-packages/asyncpg/prepared_stmt.py", line 176, in fetch
2025-12-09T22:37:07.380344813Z [err]      data = await self.__bind_execute(args, 0, timeout)
2025-12-09T22:37:07.380350655Z [err]             ^^^^^^^^^^^^^^^^^^^^^^^^^^^^^^^^^^^^^^^^^^^
2025-12-09T22:37:07.380357687Z [err]    File "/app/.venv/lib/python3.12/site-packages/asyncpg/prepared_stmt.py", line 241, in __bind_execute
2025-12-09T22:37:07.380364087Z [err]      data, status, _ = await self.__do_execute(
2025-12-09T22:37:07.380371161Z [err]                        ^^^^^^^^^^^^^^^^^^^^^^^^
2025-12-09T22:37:07.380378134Z [err]    File "/app/.venv/lib/python3.12/site-packages/asyncpg/prepared_stmt.py", line 230, in __do_execute
2025-12-09T22:37:07.380384096Z [err]      return await executor(protocol)
2025-12-09T22:37:07.380389343Z [err]             ^^^^^^^^^^^^^^^^^^^^^^^^
2025-12-09T22:37:07.380395391Z [err]    File "asyncpg/protocol/protocol.pyx", line 207, in bind_execute
2025-12-09T22:37:07.380402558Z [err]  asyncpg.exceptions.ForeignKeyViolationError: insert or update on table "dietary_logs" violates foreign key constraint "dietary_logs_user_id_fkey"
2025-12-09T22:37:07.380408491Z [err]  DETAIL:  Key (user_id)=(f9857ba8-fa0f-4497-8957-0f0c3330f161) is not present in table "users".
2025-12-09T22:37:07.383262758Z [err]    File "/app/.venv/lib/python3.12/site-packages/sqlalchemy/dialects/postgresql/asyncpg.py", line 563, in _prepare_and_execute
2025-12-09T22:37:07.383264580Z [err]      cursor.execute(statement, parameters)
2025-12-09T22:37:07.383275355Z [err]      self._handle_exception(error)
2025-12-09T22:37:07.383276681Z [err]              ^^^^^^^^^^^^
2025-12-09T22:37:07.383281965Z [err]    File "/app/.venv/lib/python3.12/site-packages/sqlalchemy/dialects/postgresql/asyncpg.py", line 585, in execute
2025-12-09T22:37:07.383282852Z [err]             ^^^^^^^^^^^^^^^^^^^^^^^^^^^^^^^^
2025-12-09T22:37:07.383288976Z [err]    File "/app/.venv/lib/python3.12/site-packages/sqlalchemy/dialects/postgresql/asyncpg.py", line 513, in _handle_exception
2025-12-09T22:37:07.383297927Z [err]    File "/app/.venv/lib/python3.12/site-packages/sqlalchemy/util/_concurrency_py3k.py", line 196, in greenlet_spawn
2025-12-09T22:37:07.383300035Z [err]      self._adapt_connection.await_(
2025-12-09T22:37:07.383307984Z [err]      value = await result
2025-12-09T22:37:07.383309002Z [err]    File "/app/.venv/lib/python3.12/site-packages/sqlalchemy/util/_concurrency_py3k.py", line 132, in await_only
2025-12-09T22:37:07.383316959Z [err]      return current.parent.switch(awaitable)  # type: ignore[no-any-return,attr-defined] # noqa: E501
2025-12-09T22:37:07.383332392Z [err]  
2025-12-09T22:37:07.383338492Z [err]  The above exception was the direct cause of the following exception:
2025-12-09T22:37:07.383344403Z [err]  
2025-12-09T22:37:07.383350100Z [err]  Traceback (most recent call last):
2025-12-09T22:37:07.383356595Z [err]    File "/app/.venv/lib/python3.12/site-packages/sqlalchemy/engine/base.py", line 1967, in _exec_single_context
2025-12-09T22:37:07.383363375Z [err]      self.dialect.do_execute(
2025-12-09T22:37:07.383369946Z [err]    File "/app/.venv/lib/python3.12/site-packages/sqlalchemy/engine/default.py", line 951, in do_execute
2025-12-09T22:37:07.386392303Z [err]      return await self.app(scope, receive, send)
2025-12-09T22:37:07.386403035Z [err]             ^^^^^^^^^^^^^^^^^^^^^^^^^^^^^^^^^^^^
2025-12-09T22:37:07.386412630Z [err]    File "/app/.venv/lib/python3.12/site-packages/fastapi/applications.py", line 1054, in __call__
2025-12-09T22:37:07.386417730Z [err]      raise translated_error from error
2025-12-09T22:37:07.386424810Z [err]      await super().__call__(scope, receive, send)
2025-12-09T22:37:07.386432681Z [err]  sqlalchemy.dialects.postgresql.asyncpg.AsyncAdapt_asyncpg_dbapi.IntegrityError: <class 'asyncpg.exceptions.ForeignKeyViolationError'>: insert or update on table "dietary_logs" violates foreign key constraint "dietary_logs_user_id_fkey"
2025-12-09T22:37:07.386436770Z [err]    File "/app/.venv/lib/python3.12/site-packages/starlette/applications.py", line 113, in __call__
2025-12-09T22:37:07.386444649Z [err]  DETAIL:  Key (user_id)=(f9857ba8-fa0f-4497-8957-0f0c3330f161) is not present in table "users".
2025-12-09T22:37:07.386448263Z [err]      self._adapt_connection._handle_exception(error)
2025-12-09T22:37:07.386453372Z [err]  
2025-12-09T22:37:07.386457675Z [err]    File "/app/.venv/lib/python3.12/site-packages/sqlalchemy/dialects/postgresql/asyncpg.py", line 797, in _handle_exception
2025-12-09T22:37:07.386463910Z [err]  The above exception was the direct cause of the following exception:
2025-12-09T22:37:07.386471395Z [err]  
2025-12-09T22:37:07.386477579Z [err]  Traceback (most recent call last):
2025-12-09T22:37:07.386483942Z [err]    File "/app/.venv/lib/python3.12/site-packages/uvicorn/protocols/http/httptools_impl.py", line 409, in run_asgi
2025-12-09T22:37:07.386490076Z [err]      result = await app(  # type: ignore[func-returns-value]
2025-12-09T22:37:07.386499030Z [err]               ^^^^^^^^^^^^^^^^^^^^^^^^^^^^^^^^^^^^^^^^^^^^^^
2025-12-09T22:37:07.386505094Z [err]    File "/app/.venv/lib/python3.12/site-packages/uvicorn/middleware/proxy_headers.py", line 60, in __call__
2025-12-09T22:37:07.389486451Z [err]      await app(scope, receive, sender)
2025-12-09T22:37:07.389514390Z [err]    File "/app/.venv/lib/python3.12/site-packages/starlette/routing.py", line 715, in __call__
2025-12-09T22:37:07.389522791Z [err]      await self.middleware_stack(scope, receive, send)
2025-12-09T22:37:07.389529627Z [err]    File "/app/.venv/lib/python3.12/site-packages/starlette/routing.py", line 735, in app
2025-12-09T22:37:07.389565499Z [err]      await self.middleware_stack(scope, receive, send)
2025-12-09T22:37:07.389571367Z [err]    File "/app/.venv/lib/python3.12/site-packages/starlette/middleware/errors.py", line 187, in __call__
2025-12-09T22:37:07.389576496Z [err]      raise exc
2025-12-09T22:37:07.389581218Z [err]    File "/app/.venv/lib/python3.12/site-packages/starlette/middleware/errors.py", line 165, in __call__
2025-12-09T22:37:07.389588217Z [err]      await self.app(scope, receive, _send)
2025-12-09T22:37:07.389593041Z [err]    File "/app/.venv/lib/python3.12/site-packages/starlette/middleware/cors.py", line 93, in __call__
2025-12-09T22:37:07.389597657Z [err]      await self.simple_response(scope, receive, send, request_headers=headers)
2025-12-09T22:37:07.389602416Z [err]    File "/app/.venv/lib/python3.12/site-packages/starlette/middleware/cors.py", line 144, in simple_response
2025-12-09T22:37:07.389608047Z [err]      await self.app(scope, receive, send)
2025-12-09T22:37:07.389612327Z [err]    File "/app/.venv/lib/python3.12/site-packages/starlette/middleware/exceptions.py", line 62, in __call__
2025-12-09T22:37:07.389616579Z [err]      await wrap_app_handling_exceptions(self.app, conn)(scope, receive, send)
2025-12-09T22:37:07.389621816Z [err]    File "/app/.venv/lib/python3.12/site-packages/starlette/_exception_handler.py", line 53, in wrapped_app
2025-12-09T22:37:07.389627898Z [err]      raise exc
2025-12-09T22:37:07.389632741Z [err]    File "/app/.venv/lib/python3.12/site-packages/starlette/_exception_handler.py", line 42, in wrapped_app
2025-12-09T22:37:07.392405527Z [err]      raise exc
2025-12-09T22:37:07.392428211Z [err]      await route.handle(scope, receive, send)
2025-12-09T22:37:07.392433217Z [err]    File "/app/.venv/lib/python3.12/site-packages/starlette/_exception_handler.py", line 42, in wrapped_app
2025-12-09T22:37:07.392438418Z [err]    File "/app/.venv/lib/python3.12/site-packages/starlette/routing.py", line 288, in handle
2025-12-09T22:37:07.392448271Z [err]      await app(scope, receive, sender)
2025-12-09T22:37:07.392448462Z [err]      await self.app(scope, receive, send)
2025-12-09T22:37:07.392464455Z [err]    File "/app/.venv/lib/python3.12/site-packages/starlette/routing.py", line 73, in app
2025-12-09T22:37:07.392468134Z [err]    File "/app/.venv/lib/python3.12/site-packages/starlette/routing.py", line 76, in app
2025-12-09T22:37:07.392481772Z [err]      response = await f(request)
2025-12-09T22:37:07.392483489Z [err]      await wrap_app_handling_exceptions(app, request)(scope, receive, send)
2025-12-09T22:37:07.392493718Z [err]    File "/app/.venv/lib/python3.12/site-packages/starlette/_exception_handler.py", line 53, in wrapped_app
2025-12-09T22:37:07.392496708Z [err]                 ^^^^^^^^^^^^^^^^
2025-12-09T22:37:07.392504873Z [err]    File "/app/.venv/lib/python3.12/site-packages/fastapi/routing.py", line 301, in app
2025-12-09T22:37:07.392511094Z [err]      raw_response = await run_endpoint_function(
2025-12-09T22:37:07.392517483Z [err]                     ^^^^^^^^^^^^^^^^^^^^^^^^^^^^
2025-12-09T22:37:07.392525417Z [err]    File "/app/.venv/lib/python3.12/site-packages/fastapi/routing.py", line 212, in run_endpoint_function
2025-12-09T22:37:07.392531300Z [err]      return await dependant.call(**values)
2025-12-09T22:37:07.392537870Z [err]             ^^^^^^^^^^^^^^^^^^^^^^^^^^^^^^
2025-12-09T22:37:07.392543749Z [err]    File "/app/app/api/v1/endpoints/analysis.py", line 49, in upload_analysis_data
2025-12-09T22:37:07.392550863Z [err]      await db.commit()
2025-12-09T22:37:07.395840071Z [err]    File "/app/.venv/lib/python3.12/site-packages/sqlalchemy/ext/asyncio/session.py", line 1000, in commit
2025-12-09T22:37:07.395845856Z [err]    File "/app/.venv/lib/python3.12/site-packages/sqlalchemy/orm/state_changes.py", line 137, in _go
2025-12-09T22:37:07.395852475Z [err]      await greenlet_spawn(self.sync_session.commit)
2025-12-09T22:37:07.395862002Z [err]    File "/app/.venv/lib/python3.12/site-packages/sqlalchemy/util/_concurrency_py3k.py", line 203, in greenlet_spawn
2025-12-09T22:37:07.395869481Z [err]      ret_value = fn(self, *arg, **kw)
2025-12-09T22:37:07.395872445Z [err]      result = context.switch(value)
2025-12-09T22:37:07.395883025Z [err]                  ^^^^^^^^^^^^^^^^^^^^
2025-12-09T22:37:07.395884278Z [err]               ^^^^^^^^^^^^^^^^^^^^^
2025-12-09T22:37:07.395893099Z [err]    File "/app/.venv/lib/python3.12/site-packages/sqlalchemy/orm/session.py", line 2030, in commit
2025-12-09T22:37:07.395897254Z [err]    File "/app/.venv/lib/python3.12/site-packages/sqlalchemy/orm/session.py", line 1286, in _prepare_impl
2025-12-09T22:37:07.395902318Z [err]      trans.commit(_to_root=True)
2025-12-09T22:37:07.395907192Z [err]      self.session.flush()
2025-12-09T22:37:07.395915754Z [err]    File "<string>", line 2, in commit
2025-12-09T22:37:07.395918711Z [err]    File "/app/.venv/lib/python3.12/site-packages/sqlalchemy/orm/session.py", line 4331, in flush
2025-12-09T22:37:07.395925269Z [err]    File "/app/.venv/lib/python3.12/site-packages/sqlalchemy/orm/state_changes.py", line 137, in _go
2025-12-09T22:37:07.395931421Z [err]      ret_value = fn(self, *arg, **kw)
2025-12-09T22:37:07.395937345Z [err]                  ^^^^^^^^^^^^^^^^^^^^
2025-12-09T22:37:07.395944182Z [err]    File "/app/.venv/lib/python3.12/site-packages/sqlalchemy/orm/session.py", line 1311, in commit
2025-12-09T22:37:07.395950902Z [err]      self._prepare_impl()
2025-12-09T22:37:07.395956885Z [err]    File "<string>", line 2, in _prepare_impl
2025-12-09T22:37:07.400171643Z [err]             ^^^^^
2025-12-09T22:37:07.400177296Z [err]      self._flush(objects)
2025-12-09T22:37:07.400184728Z [err]    File "/app/.venv/lib/python3.12/site-packages/sqlalchemy/orm/session.py", line 4466, in _flush
2025-12-09T22:37:07.400191438Z [err]      with util.safe_reraise():
2025-12-09T22:37:07.400198226Z [err]           ^^^^^^^^^^^^^^^^^^^
2025-12-09T22:37:07.400204847Z [err]    File "/app/.venv/lib/python3.12/site-packages/sqlalchemy/util/langhelpers.py", line 224, in __exit__
2025-12-09T22:37:07.400210700Z [err]      raise exc_value.with_traceback(exc_tb)
2025-12-09T22:37:07.400216582Z [err]    File "/app/.venv/lib/python3.12/site-packages/sqlalchemy/orm/session.py", line 4427, in _flush
2025-12-09T22:37:07.400222662Z [err]      flush_context.execute()
2025-12-09T22:37:07.400229320Z [err]    File "/app/.venv/lib/python3.12/site-packages/sqlalchemy/orm/unitofwork.py", line 466, in execute
2025-12-09T22:37:07.400235376Z [err]      rec.execute(self)
2025-12-09T22:37:07.400241551Z [err]    File "/app/.venv/lib/python3.12/site-packages/sqlalchemy/orm/unitofwork.py", line 642, in execute
2025-12-09T22:37:07.400249386Z [err]      util.preloaded.orm_persistence.save_obj(
2025-12-09T22:37:07.400255988Z [err]    File "/app/.venv/lib/python3.12/site-packages/sqlalchemy/orm/persistence.py", line 93, in save_obj
2025-12-09T22:37:07.400262906Z [err]      _emit_insert_statements(
2025-12-09T22:37:07.400268945Z [err]    File "/app/.venv/lib/python3.12/site-packages/sqlalchemy/orm/persistence.py", line 1233, in _emit_insert_statements
2025-12-09T22:37:07.400274815Z [err]      result = connection.execute(
2025-12-09T22:37:07.400281544Z [err]               ^^^^^^^^^^^^^^^^^^^
2025-12-09T22:37:07.400290168Z [err]    File "/app/.venv/lib/python3.12/site-packages/sqlalchemy/engine/base.py", line 1419, in execute
2025-12-09T22:37:07.400301171Z [err]      return meth(
2025-12-09T22:37:07.403346099Z [err]    File "/app/.venv/lib/python3.12/site-packages/sqlalchemy/sql/elements.py", line 526, in _execute_on_connection
2025-12-09T22:37:07.403353620Z [err]      return connection._execute_clauseelement(
2025-12-09T22:37:07.403358461Z [err]             ^^^^^^^^^^^^^^^^^^^^^^^^^^^^^^^^^^
2025-12-09T22:37:07.403363705Z [err]    File "/app/.venv/lib/python3.12/site-packages/sqlalchemy/engine/base.py", line 1641, in _execute_clauseelement
2025-12-09T22:37:07.403373284Z [err]      ret = self._execute_context(
2025-12-09T22:37:07.403378644Z [err]    File "/app/.venv/lib/python3.12/site-packages/sqlalchemy/engine/base.py", line 1986, in _exec_single_context
2025-12-09T22:37:07.403379391Z [err]            ^^^^^^^^^^^^^^^^^^^^^^
2025-12-09T22:37:07.403385293Z [err]    File "/app/.venv/lib/python3.12/site-packages/sqlalchemy/engine/base.py", line 1846, in _execute_context
2025-12-09T22:37:07.403392213Z [err]      return self._exec_single_context(
2025-12-09T22:37:07.403401350Z [err]      self._handle_dbapi_exception(
2025-12-09T22:37:07.403402748Z [err]             ^^^^^^^^^^^^^^^^^^^^^^^^^^
2025-12-09T22:37:07.403412075Z [err]    File "/app/.venv/lib/python3.12/site-packages/sqlalchemy/engine/base.py", line 2355, in _handle_dbapi_exception
2025-12-09T22:37:07.403419810Z [err]      raise sqlalchemy_exception.with_traceback(exc_info[2]) from e
2025-12-09T22:37:07.403426431Z [err]    File "/app/.venv/lib/python3.12/site-packages/sqlalchemy/engine/base.py", line 1967, in _exec_single_context
2025-12-09T22:37:07.403433725Z [err]      self.dialect.do_execute(
2025-12-09T22:37:07.403442468Z [err]    File "/app/.venv/lib/python3.12/site-packages/sqlalchemy/engine/default.py", line 951, in do_execute
2025-12-09T22:37:07.403452085Z [err]      cursor.execute(statement, parameters)
2025-12-09T22:37:07.403462008Z [err]    File "/app/.venv/lib/python3.12/site-packages/sqlalchemy/dialects/postgresql/asyncpg.py", line 585, in execute
2025-12-09T22:37:07.406434756Z [err]      self._adapt_connection.await_(
2025-12-09T22:37:07.406446891Z [err]    File "/app/.venv/lib/python3.12/site-packages/sqlalchemy/util/_concurrency_py3k.py", line 132, in await_only
2025-12-09T22:37:07.406454141Z [err]      return current.parent.switch(awaitable)  # type: ignore[no-any-return,attr-defined] # noqa: E501
2025-12-09T22:37:07.406460505Z [err]             ^^^^^^^^^^^^^^^^^^^^^^^^^^^^^^^^
2025-12-09T22:37:07.406466917Z [err]    File "/app/.venv/lib/python3.12/site-packages/sqlalchemy/util/_concurrency_py3k.py", line 196, in greenlet_spawn
2025-12-09T22:37:07.406473344Z [err]      value = await result
2025-12-09T22:37:07.406481421Z [err]              ^^^^^^^^^^^^
2025-12-09T22:37:07.406486649Z [err]    File "/app/.venv/lib/python3.12/site-packages/sqlalchemy/dialects/postgresql/asyncpg.py", line 563, in _prepare_and_execute
2025-12-09T22:37:07.406494793Z [err]      self._handle_exception(error)
2025-12-09T22:37:07.406501307Z [err]    File "/app/.venv/lib/python3.12/site-packages/sqlalchemy/dialects/postgresql/asyncpg.py", line 513, in _handle_exception
2025-12-09T22:37:07.406506049Z [err]      self._adapt_connection._handle_exception(error)
2025-12-09T22:37:07.406510717Z [err]    File "/app/.venv/lib/python3.12/site-packages/sqlalchemy/dialects/postgresql/asyncpg.py", line 797, in _handle_exception
2025-12-09T22:37:07.406515378Z [err]      raise translated_error from error
2025-12-09T22:37:07.406520800Z [err]  sqlalchemy.exc.IntegrityError: (sqlalchemy.dialects.postgresql.asyncpg.IntegrityError) <class 'asyncpg.exceptions.ForeignKeyViolationError'>: insert or update on table "dietary_logs" violates foreign key constraint "dietary_logs_user_id_fkey"
2025-12-09T22:37:07.406526157Z [err]  DETAIL:  Key (user_id)=(f9857ba8-fa0f-4497-8957-0f0c3330f161) is not present in table "users".
2025-12-09T22:37:07.406531170Z [err]  [SQL: INSERT INTO dietary_logs (id, user_id, image_path, audio_path, transcript, description, calories, protein, carbs, fats, meal_type, status, needs_review, client_timestamp) VALUES ($1::UUID, $2::UUID, $3::VARCHAR, $4::VARCHAR, $5::VARCHAR, $6::VARCHAR, $7::INTEGER, $8::INTEGER, $9::INTEGER, $10::INTEGER, $11::VARCHAR, $12::log_status_enum, $13::BOOLEAN, $14::TIMESTAMP WITH TIME ZONE) RETURNING dietary_logs.created_at]
2025-12-09T22:37:07.409684336Z [err]  [parameters: (UUID('516b9584-d65e-4f7e-a8ef-f91a73309faf'), UUID('f9857ba8-fa0f-4497-8957-0f0c3330f161'), 'f9857ba8-fa0f-4497-8957-0f0c3330f161/2025-12-09T22-37-04-776Z_image.jpg', 'f9857ba8-fa0f-4497-8957-0f0c3330f161/2025-12-09T22-37-04-777Z_audio.webm', None, None, None, None, None, None, None, 'processing', False, datetime.datetime(2025, 12, 9, 22, 37, 5, 257000, tzinfo=datetime.timezone.utc))]
2025-12-09T22:37:07.409691301Z [err]  (Background on this error at: https://sqlalche.me/e/20/gkpj)
2025-12-09T22:37:27.559804892Z [inf]        INFO   100.64.0.4:27746 - "POST /api/v1/analysis/upload HTTP/1.1" 500
2025-12-09T22:37:27.559805155Z [err]                  ^^^^^^^^^^^^^^^^^^^^^^^^^^^^^
2025-12-09T22:37:27.559816067Z [err]    File "asyncpg/protocol/protocol.pyx", line 166, in prepare
2025-12-09T22:37:27.559821446Z [err]       ERROR   Exception in ASGI application
2025-12-09T22:37:27.559823038Z [err]  asyncpg.exceptions.DuplicatePreparedStatementError: prepared statement "__asyncpg_stmt_f__" already exists
2025-12-09T22:37:27.559828700Z [err]  Traceback (most recent call last):
2025-12-09T22:37:27.559837597Z [err]    File "/app/.venv/lib/python3.12/site-packages/sqlalchemy/dialects/postgresql/asyncpg.py", line 526, in _prepare_and_execute
2025-12-09T22:37:27.559845431Z [err]      prepared_stmt, attributes = await adapt_connection._prepare(
2025-12-09T22:37:27.559850644Z [err]                                  ^^^^^^^^^^^^^^^^^^^^^^^^^^^^^^^^
2025-12-09T22:37:27.559855535Z [err]    File "/app/.venv/lib/python3.12/site-packages/sqlalchemy/dialects/postgresql/asyncpg.py", line 773, in _prepare
2025-12-09T22:37:27.559860475Z [err]      prepared_stmt = await self._connection.prepare(
2025-12-09T22:37:27.559867157Z [err]                      ^^^^^^^^^^^^^^^^^^^^^^^^^^^^^^^
2025-12-09T22:37:27.559872502Z [err]    File "/app/.venv/lib/python3.12/site-packages/asyncpg/connection.py", line 636, in prepare
2025-12-09T22:37:27.559877787Z [err]      return await self._prepare(
2025-12-09T22:37:27.559882590Z [err]             ^^^^^^^^^^^^^^^^^^^^
2025-12-09T22:37:27.559887459Z [err]    File "/app/.venv/lib/python3.12/site-packages/asyncpg/connection.py", line 654, in _prepare
2025-12-09T22:37:27.559892453Z [err]      stmt = await self._get_statement(
2025-12-09T22:37:27.559897023Z [err]             ^^^^^^^^^^^^^^^^^^^^^^^^^^
2025-12-09T22:37:27.559901691Z [err]    File "/app/.venv/lib/python3.12/site-packages/asyncpg/connection.py", line 433, in _get_statement
2025-12-09T22:37:27.559906881Z [err]      statement = await self._protocol.prepare(
2025-12-09T22:37:27.562863753Z [err]  HINT:  
2025-12-09T22:37:27.562868981Z [err]  NOTE: pgbouncer with pool_mode set to "transaction" or
2025-12-09T22:37:27.562876556Z [err]  "statement" does not support prepared statements properly.
2025-12-09T22:37:27.562880765Z [err]  You have two options:
2025-12-09T22:37:27.562885126Z [err]  
2025-12-09T22:37:27.562889608Z [err]  * if you are using pgbouncer for connection pooling to a
2025-12-09T22:37:27.562893927Z [err]    single server, switch to the connection pool functionality
2025-12-09T22:37:27.562897620Z [err]    provided by asyncpg, it is a much better option for this
2025-12-09T22:37:27.562901489Z [err]    purpose;
2025-12-09T22:37:27.562905990Z [err]  
2025-12-09T22:37:27.562911700Z [err]  * if you have no option of avoiding the use of pgbouncer,
2025-12-09T22:37:27.562916778Z [err]    then you can set statement_cache_size to 0 when creating
2025-12-09T22:37:27.562920810Z [err]    the asyncpg connection object.
2025-12-09T22:37:27.562924795Z [err]  
2025-12-09T22:37:27.562928471Z [err]  
2025-12-09T22:37:27.562935061Z [err]  The above exception was the direct cause of the following exception:
2025-12-09T22:37:27.562939801Z [err]  
2025-12-09T22:37:27.562944728Z [err]  Traceback (most recent call last):
2025-12-09T22:37:27.562948571Z [err]    File "/app/.venv/lib/python3.12/site-packages/sqlalchemy/engine/base.py", line 1967, in _exec_single_context
2025-12-09T22:37:27.562952885Z [err]      self.dialect.do_execute(
2025-12-09T22:37:27.562956767Z [err]    File "/app/.venv/lib/python3.12/site-packages/sqlalchemy/engine/default.py", line 951, in do_execute
2025-12-09T22:37:27.562961030Z [err]      cursor.execute(statement, parameters)
2025-12-09T22:37:27.562965696Z [err]    File "/app/.venv/lib/python3.12/site-packages/sqlalchemy/dialects/postgresql/asyncpg.py", line 585, in execute
2025-12-09T22:37:27.562969783Z [err]      self._adapt_connection.await_(
2025-12-09T22:37:27.564392009Z [err]  sqlalchemy.dialects.postgresql.asyncpg.AsyncAdapt_asyncpg_dbapi.ProgrammingError: <class 'asyncpg.exceptions.DuplicatePreparedStatementError'>: prepared statement "__asyncpg_stmt_f__" already exists
2025-12-09T22:37:27.564402307Z [err]  HINT:  
2025-12-09T22:37:27.564409733Z [err]  NOTE: pgbouncer with pool_mode set to "transaction" or
2025-12-09T22:37:27.564415741Z [err]  "statement" does not support prepared statements properly.
2025-12-09T22:37:27.564423020Z [err]    File "/app/.venv/lib/python3.12/site-packages/sqlalchemy/util/_concurrency_py3k.py", line 132, in await_only
2025-12-09T22:37:27.564426537Z [err]  You have two options:
2025-12-09T22:37:27.564436782Z [err]  
2025-12-09T22:37:27.564437907Z [err]      return current.parent.switch(awaitable)  # type: ignore[no-any-return,attr-defined] # noqa: E501
2025-12-09T22:37:27.564446194Z [err]             ^^^^^^^^^^^^^^^^^^^^^^^^^^^^^^^^
2025-12-09T22:37:27.564453453Z [err]    File "/app/.venv/lib/python3.12/site-packages/sqlalchemy/util/_concurrency_py3k.py", line 196, in greenlet_spawn
2025-12-09T22:37:27.564466047Z [err]      value = await result
2025-12-09T22:37:27.564478164Z [err]              ^^^^^^^^^^^^
2025-12-09T22:37:27.564484860Z [err]    File "/app/.venv/lib/python3.12/site-packages/sqlalchemy/dialects/postgresql/asyncpg.py", line 563, in _prepare_and_execute
2025-12-09T22:37:27.564490531Z [err]      self._handle_exception(error)
2025-12-09T22:37:27.564499575Z [err]    File "/app/.venv/lib/python3.12/site-packages/sqlalchemy/dialects/postgresql/asyncpg.py", line 513, in _handle_exception
2025-12-09T22:37:27.564508993Z [err]      self._adapt_connection._handle_exception(error)
2025-12-09T22:37:27.564515090Z [err]    File "/app/.venv/lib/python3.12/site-packages/sqlalchemy/dialects/postgresql/asyncpg.py", line 797, in _handle_exception
2025-12-09T22:37:27.564520628Z [err]      raise translated_error from error
2025-12-09T22:37:27.566180503Z [err]  * if you are using pgbouncer for connection pooling to a
2025-12-09T22:37:27.566185801Z [err]    single server, switch to the connection pool functionality
2025-12-09T22:37:27.566190580Z [err]    provided by asyncpg, it is a much better option for this
2025-12-09T22:37:27.566195060Z [err]    purpose;
2025-12-09T22:37:27.566201974Z [err]  
2025-12-09T22:37:27.566206861Z [err]  * if you have no option of avoiding the use of pgbouncer,
2025-12-09T22:37:27.566211436Z [err]    then you can set statement_cache_size to 0 when creating
2025-12-09T22:37:27.566215574Z [err]    the asyncpg connection object.
2025-12-09T22:37:27.566219924Z [err]  
2025-12-09T22:37:27.566223978Z [err]  
2025-12-09T22:37:27.566228212Z [err]  The above exception was the direct cause of the following exception:
2025-12-09T22:37:27.566233449Z [err]  
2025-12-09T22:37:27.566243038Z [err]  Traceback (most recent call last):
2025-12-09T22:37:27.566250539Z [err]    File "/app/.venv/lib/python3.12/site-packages/uvicorn/protocols/http/httptools_impl.py", line 409, in run_asgi
2025-12-09T22:37:27.566255095Z [err]      result = await app(  # type: ignore[func-returns-value]
2025-12-09T22:37:27.566259208Z [err]               ^^^^^^^^^^^^^^^^^^^^^^^^^^^^^^^^^^^^^^^^^^^^^^
2025-12-09T22:37:27.566264057Z [err]    File "/app/.venv/lib/python3.12/site-packages/uvicorn/middleware/proxy_headers.py", line 60, in __call__
2025-12-09T22:37:27.566268566Z [err]      return await self.app(scope, receive, send)
2025-12-09T22:37:27.566273010Z [err]             ^^^^^^^^^^^^^^^^^^^^^^^^^^^^^^^^^^^^
2025-12-09T22:37:27.566277730Z [err]    File "/app/.venv/lib/python3.12/site-packages/fastapi/applications.py", line 1054, in __call__
2025-12-09T22:37:27.566282133Z [err]      await super().__call__(scope, receive, send)
2025-12-09T22:37:27.566286309Z [err]    File "/app/.venv/lib/python3.12/site-packages/starlette/applications.py", line 113, in __call__
2025-12-09T22:37:27.568360751Z [err]      await self.middleware_stack(scope, receive, send)
2025-12-09T22:37:27.568373701Z [err]    File "/app/.venv/lib/python3.12/site-packages/starlette/middleware/errors.py", line 187, in __call__
2025-12-09T22:37:27.568382439Z [err]      raise exc
2025-12-09T22:37:27.568390117Z [err]    File "/app/.venv/lib/python3.12/site-packages/starlette/middleware/errors.py", line 165, in __call__
2025-12-09T22:37:27.568396792Z [err]      await self.app(scope, receive, _send)
2025-12-09T22:37:27.568403492Z [err]    File "/app/.venv/lib/python3.12/site-packages/starlette/middleware/cors.py", line 93, in __call__
2025-12-09T22:37:27.568411356Z [err]      await self.simple_response(scope, receive, send, request_headers=headers)
2025-12-09T22:37:27.568418358Z [err]    File "/app/.venv/lib/python3.12/site-packages/starlette/middleware/cors.py", line 144, in simple_response
2025-12-09T22:37:27.568424987Z [err]      await self.app(scope, receive, send)
2025-12-09T22:37:27.568434402Z [err]    File "/app/.venv/lib/python3.12/site-packages/starlette/middleware/exceptions.py", line 62, in __call__
2025-12-09T22:37:27.568441868Z [err]      await wrap_app_handling_exceptions(self.app, conn)(scope, receive, send)
2025-12-09T22:37:27.568448810Z [err]    File "/app/.venv/lib/python3.12/site-packages/starlette/_exception_handler.py", line 53, in wrapped_app
2025-12-09T22:37:27.568455924Z [err]      raise exc
2025-12-09T22:37:27.568462234Z [err]    File "/app/.venv/lib/python3.12/site-packages/starlette/_exception_handler.py", line 42, in wrapped_app
2025-12-09T22:37:27.568478239Z [err]      await app(scope, receive, sender)
2025-12-09T22:37:27.568486025Z [err]    File "/app/.venv/lib/python3.12/site-packages/starlette/routing.py", line 715, in __call__
2025-12-09T22:37:27.568500293Z [err]      await self.middleware_stack(scope, receive, send)
2025-12-09T22:37:27.568510770Z [err]    File "/app/.venv/lib/python3.12/site-packages/starlette/routing.py", line 735, in app
2025-12-09T22:37:27.570221352Z [err]      await route.handle(scope, receive, send)
2025-12-09T22:37:27.570226779Z [err]                 ^^^^^^^^^^^^^^^^
2025-12-09T22:37:27.570228749Z [err]    File "/app/.venv/lib/python3.12/site-packages/starlette/routing.py", line 288, in handle
2025-12-09T22:37:27.570234649Z [err]      await self.app(scope, receive, send)
2025-12-09T22:37:27.570236974Z [err]    File "/app/.venv/lib/python3.12/site-packages/fastapi/routing.py", line 301, in app
2025-12-09T22:37:27.570239678Z [err]    File "/app/.venv/lib/python3.12/site-packages/starlette/routing.py", line 76, in app
2025-12-09T22:37:27.570244489Z [err]      await wrap_app_handling_exceptions(app, request)(scope, receive, send)
2025-12-09T22:37:27.570250249Z [err]      raw_response = await run_endpoint_function(
2025-12-09T22:37:27.570251052Z [err]    File "/app/.venv/lib/python3.12/site-packages/starlette/_exception_handler.py", line 53, in wrapped_app
2025-12-09T22:37:27.570256047Z [err]      raise exc
2025-12-09T22:37:27.570260772Z [err]                     ^^^^^^^^^^^^^^^^^^^^^^^^^^^^
2025-12-09T22:37:27.570262914Z [err]    File "/app/.venv/lib/python3.12/site-packages/starlette/_exception_handler.py", line 42, in wrapped_app
2025-12-09T22:37:27.570270771Z [err]      await app(scope, receive, sender)
2025-12-09T22:37:27.570272569Z [err]    File "/app/.venv/lib/python3.12/site-packages/fastapi/routing.py", line 212, in run_endpoint_function
2025-12-09T22:37:27.570278151Z [err]    File "/app/.venv/lib/python3.12/site-packages/starlette/routing.py", line 73, in app
2025-12-09T22:37:27.570280779Z [err]      return await dependant.call(**values)
2025-12-09T22:37:27.570286568Z [err]      response = await f(request)
2025-12-09T22:37:27.570292576Z [err]             ^^^^^^^^^^^^^^^^^^^^^^^^^^^^^^
2025-12-09T22:37:27.570303054Z [err]    File "/app/app/api/v1/endpoints/analysis.py", line 50, in upload_analysis_data
2025-12-09T22:37:27.570308466Z [err]      await db.refresh(new_log)
2025-12-09T22:37:27.571769541Z [err]    File "/app/.venv/lib/python3.12/site-packages/sqlalchemy/ext/asyncio/session.py", line 329, in refresh
2025-12-09T22:37:27.571776547Z [err]      await greenlet_spawn(
2025-12-09T22:37:27.571780990Z [err]    File "/app/.venv/lib/python3.12/site-packages/sqlalchemy/util/_concurrency_py3k.py", line 201, in greenlet_spawn
2025-12-09T22:37:27.571786242Z [err]      result = context.throw(*sys.exc_info())
2025-12-09T22:37:27.571790245Z [err]               ^^^^^^^^^^^^^^^^^^^^^^^^^^^^^^
2025-12-09T22:37:27.571794265Z [err]    File "/app/.venv/lib/python3.12/site-packages/sqlalchemy/orm/session.py", line 3154, in refresh
2025-12-09T22:37:27.571798141Z [err]      loading.load_on_ident(
2025-12-09T22:37:27.571802090Z [err]    File "/app/.venv/lib/python3.12/site-packages/sqlalchemy/orm/loading.py", line 510, in load_on_ident
2025-12-09T22:37:27.571806393Z [err]      return load_on_pk_identity(
2025-12-09T22:37:27.571810771Z [err]             ^^^^^^^^^^^^^^^^^^^^
2025-12-09T22:37:27.571814822Z [err]    File "/app/.venv/lib/python3.12/site-packages/sqlalchemy/orm/loading.py", line 695, in load_on_pk_identity
2025-12-09T22:37:27.571818612Z [err]      session.execute(
2025-12-09T22:37:27.571822654Z [err]    File "/app/.venv/lib/python3.12/site-packages/sqlalchemy/orm/session.py", line 2351, in execute
2025-12-09T22:37:27.571826888Z [err]      return self._execute_internal(
2025-12-09T22:37:27.571831643Z [err]             ^^^^^^^^^^^^^^^^^^^^^^^
2025-12-09T22:37:27.571835548Z [err]    File "/app/.venv/lib/python3.12/site-packages/sqlalchemy/orm/session.py", line 2249, in _execute_internal
2025-12-09T22:37:27.571839382Z [err]      result: Result[Any] = compile_state_cls.orm_execute_statement(
2025-12-09T22:37:27.571844598Z [err]                            ^^^^^^^^^^^^^^^^^^^^^^^^^^^^^^^^^^^^^^^^
2025-12-09T22:37:27.571850511Z [err]    File "/app/.venv/lib/python3.12/site-packages/sqlalchemy/orm/context.py", line 306, in orm_execute_statement
2025-12-09T22:37:27.574087529Z [err]      result = conn.execute(
2025-12-09T22:37:27.574095032Z [err]               ^^^^^^^^^^^^^
2025-12-09T22:37:27.574099823Z [err]    File "/app/.venv/lib/python3.12/site-packages/sqlalchemy/engine/base.py", line 1419, in execute
2025-12-09T22:37:27.574104331Z [err]      return meth(
2025-12-09T22:37:27.574109017Z [err]             ^^^^^
2025-12-09T22:37:27.574113743Z [err]    File "/app/.venv/lib/python3.12/site-packages/sqlalchemy/sql/elements.py", line 526, in _execute_on_connection
2025-12-09T22:37:27.574118033Z [err]      return connection._execute_clauseelement(
2025-12-09T22:37:27.574122933Z [err]             ^^^^^^^^^^^^^^^^^^^^^^^^^^^^^^^^^^
2025-12-09T22:37:27.574127701Z [err]    File "/app/.venv/lib/python3.12/site-packages/sqlalchemy/engine/base.py", line 1641, in _execute_clauseelement
2025-12-09T22:37:27.574132625Z [err]      ret = self._execute_context(
2025-12-09T22:37:27.574137320Z [err]            ^^^^^^^^^^^^^^^^^^^^^^
2025-12-09T22:37:27.574143431Z [err]    File "/app/.venv/lib/python3.12/site-packages/sqlalchemy/engine/base.py", line 1846, in _execute_context
2025-12-09T22:37:27.574148633Z [err]      return self._exec_single_context(
2025-12-09T22:37:27.574153065Z [err]             ^^^^^^^^^^^^^^^^^^^^^^^^^^
2025-12-09T22:37:27.574157459Z [err]    File "/app/.venv/lib/python3.12/site-packages/sqlalchemy/engine/base.py", line 1986, in _exec_single_context
2025-12-09T22:37:27.574161947Z [err]      self._handle_dbapi_exception(
2025-12-09T22:37:27.574166312Z [err]    File "/app/.venv/lib/python3.12/site-packages/sqlalchemy/engine/base.py", line 2355, in _handle_dbapi_exception
2025-12-09T22:37:27.574170925Z [err]      raise sqlalchemy_exception.with_traceback(exc_info[2]) from e
2025-12-09T22:37:27.574175944Z [err]    File "/app/.venv/lib/python3.12/site-packages/sqlalchemy/engine/base.py", line 1967, in _exec_single_context
2025-12-09T22:37:27.574180224Z [err]      self.dialect.do_execute(
2025-12-09T22:37:27.576068945Z [err]    File "/app/.venv/lib/python3.12/site-packages/sqlalchemy/engine/default.py", line 951, in do_execute
2025-12-09T22:37:27.576074342Z [err]      cursor.execute(statement, parameters)
2025-12-09T22:37:27.576080300Z [err]    File "/app/.venv/lib/python3.12/site-packages/sqlalchemy/dialects/postgresql/asyncpg.py", line 585, in execute
2025-12-09T22:37:27.576086918Z [err]      self._adapt_connection.await_(
2025-12-09T22:37:27.576092315Z [err]    File "/app/.venv/lib/python3.12/site-packages/sqlalchemy/util/_concurrency_py3k.py", line 132, in await_only
2025-12-09T22:37:27.576098406Z [err]      return current.parent.switch(awaitable)  # type: ignore[no-any-return,attr-defined] # noqa: E501
2025-12-09T22:37:27.576103635Z [err]             ^^^^^^^^^^^^^^^^^^^^^^^^^^^^^^^^
2025-12-09T22:37:27.576109325Z [err]    File "/app/.venv/lib/python3.12/site-packages/sqlalchemy/util/_concurrency_py3k.py", line 196, in greenlet_spawn
2025-12-09T22:37:27.576115095Z [err]      value = await result
2025-12-09T22:37:27.576120758Z [err]              ^^^^^^^^^^^^
2025-12-09T22:37:27.576126093Z [err]    File "/app/.venv/lib/python3.12/site-packages/sqlalchemy/dialects/postgresql/asyncpg.py", line 563, in _prepare_and_execute
2025-12-09T22:37:27.576132141Z [err]      self._handle_exception(error)
2025-12-09T22:37:27.576137370Z [err]    File "/app/.venv/lib/python3.12/site-packages/sqlalchemy/dialects/postgresql/asyncpg.py", line 513, in _handle_exception
2025-12-09T22:37:27.576142739Z [err]      self._adapt_connection._handle_exception(error)
2025-12-09T22:37:27.576148186Z [err]    File "/app/.venv/lib/python3.12/site-packages/sqlalchemy/dialects/postgresql/asyncpg.py", line 797, in _handle_exception
2025-12-09T22:37:27.576155375Z [err]      raise translated_error from error
2025-12-09T22:37:27.576160685Z [err]  sqlalchemy.exc.ProgrammingError: (sqlalchemy.dialects.postgresql.asyncpg.ProgrammingError) <class 'asyncpg.exceptions.DuplicatePreparedStatementError'>: prepared statement "__asyncpg_stmt_f__" already exists
2025-12-09T22:37:27.577862441Z [err]  HINT:  
2025-12-09T22:37:27.577870581Z [err]  NOTE: pgbouncer with pool_mode set to "transaction" or
2025-12-09T22:37:27.577876494Z [err]  "statement" does not support prepared statements properly.
2025-12-09T22:37:27.577882410Z [err]  You have two options:
2025-12-09T22:37:27.577888547Z [err]  
2025-12-09T22:37:27.577894856Z [err]  * if you are using pgbouncer for connection pooling to a
2025-12-09T22:37:27.577902683Z [err]    single server, switch to the connection pool functionality
2025-12-09T22:37:27.577907896Z [err]    provided by asyncpg, it is a much better option for this
2025-12-09T22:37:27.577913088Z [err]    purpose;
2025-12-09T22:37:27.577918405Z [err]  
2025-12-09T22:37:27.577924638Z [err]  * if you have no option of avoiding the use of pgbouncer,
2025-12-09T22:37:27.577930261Z [err]    then you can set statement_cache_size to 0 when creating
2025-12-09T22:37:27.577936237Z [err]    the asyncpg connection object.
2025-12-09T22:37:27.577942269Z [err]  
2025-12-09T22:37:27.577947065Z [err]  [SQL: SELECT dietary_logs.id, dietary_logs.user_id, dietary_logs.image_path, dietary_logs.audio_path, dietary_logs.transcript, dietary_logs.description, dietary_logs.calories, dietary_logs.protein, dietary_logs.carbs, dietary_logs.fats, dietary_logs.meal_type, dietary_logs.status, dietary_logs.needs_review, dietary_logs.client_timestamp, dietary_logs.created_at 
2025-12-09T22:37:27.577952748Z [err]  FROM dietary_logs 
2025-12-09T22:37:27.577958912Z [err]  WHERE dietary_logs.id = $1::UUID]
2025-12-09T22:37:27.577965661Z [err]  [parameters: (UUID('0161012b-0481-473f-b554-722de456687f'),)]
2025-12-09T22:37:27.577970353Z [err]  (Background on this error at: https://sqlalche.me/e/20/f405)